(0.226) 
            SELECT c.relname, c.relkind
            FROM pg_catalog.pg_class c
            LEFT JOIN pg_catalog.pg_namespace n ON n.oid = c.relnamespace
            WHERE c.relkind IN ('r', 'v')
                AND n.nspname NOT IN ('pg_catalog', 'pg_toast')
                AND pg_catalog.pg_table_is_visible(c.oid); args=None
(0.064) SELECT "django_migrations"."app", "django_migrations"."name" FROM "django_migrations"; args=()
(0.005) 
            SELECT c.relname, c.relkind
            FROM pg_catalog.pg_class c
            LEFT JOIN pg_catalog.pg_namespace n ON n.oid = c.relnamespace
            WHERE c.relkind IN ('r', 'v')
                AND n.nspname NOT IN ('pg_catalog', 'pg_toast')
                AND pg_catalog.pg_table_is_visible(c.oid); args=None
(0.001) SELECT "django_migrations"."app", "django_migrations"."name" FROM "django_migrations"; args=()
(0.002) 
            SELECT c.relname, c.relkind
            FROM pg_catalog.pg_class c
            LEFT JOIN pg_catalog.pg_namespace n ON n.oid = c.relnamespace
            WHERE c.relkind IN ('r', 'v')
                AND n.nspname NOT IN ('pg_catalog', 'pg_toast')
                AND pg_catalog.pg_table_is_visible(c.oid); args=None
(0.000) SELECT "django_migrations"."app", "django_migrations"."name" FROM "django_migrations"; args=()
(0.001) 
            SELECT c.relname, c.relkind
            FROM pg_catalog.pg_class c
            LEFT JOIN pg_catalog.pg_namespace n ON n.oid = c.relnamespace
            WHERE c.relkind IN ('r', 'v')
                AND n.nspname NOT IN ('pg_catalog', 'pg_toast')
                AND pg_catalog.pg_table_is_visible(c.oid); args=None
(0.028) INSERT INTO "django_migrations" ("app", "name", "applied") VALUES ('permission_structure', '0001_initial', '2017-02-12T08:38:15.514166+00:00'::timestamptz) RETURNING "django_migrations"."id"; args=('permission_structure', '0001_initial', datetime.datetime(2017, 2, 12, 8, 38, 15, 514166, tzinfo=<UTC>))
(0.002) 
            SELECT c.relname, c.relkind
            FROM pg_catalog.pg_class c
            LEFT JOIN pg_catalog.pg_namespace n ON n.oid = c.relnamespace
            WHERE c.relkind IN ('r', 'v')
                AND n.nspname NOT IN ('pg_catalog', 'pg_toast')
                AND pg_catalog.pg_table_is_visible(c.oid); args=None
(0.001) SELECT "django_migrations"."app", "django_migrations"."name" FROM "django_migrations"; args=()
(0.084) SELECT "django_content_type"."id", "django_content_type"."app_label", "django_content_type"."model" FROM "django_content_type" WHERE ("django_content_type"."app_label" = 'admin' AND "django_content_type"."model" = 'logentry'); args=('admin', 'logentry')
(0.034) SELECT "auth_permission"."content_type_id", "auth_permission"."codename" FROM "auth_permission" INNER JOIN "django_content_type" ON ("auth_permission"."content_type_id" = "django_content_type"."id") WHERE "auth_permission"."content_type_id" IN (1) ORDER BY "django_content_type"."app_label" ASC, "django_content_type"."model" ASC, "auth_permission"."codename" ASC; args=(1,)
(0.001) SELECT "django_content_type"."id", "django_content_type"."app_label", "django_content_type"."model" FROM "django_content_type" WHERE "django_content_type"."app_label" = 'admin'; args=('admin',)
(0.001) SELECT "django_content_type"."id", "django_content_type"."app_label", "django_content_type"."model" FROM "django_content_type" WHERE ("django_content_type"."app_label" = 'auth' AND "django_content_type"."model" = 'permission'); args=('auth', 'permission')
(0.001) SELECT "django_content_type"."id", "django_content_type"."app_label", "django_content_type"."model" FROM "django_content_type" WHERE ("django_content_type"."app_label" = 'auth' AND "django_content_type"."model" = 'user'); args=('auth', 'user')
(0.001) SELECT "django_content_type"."id", "django_content_type"."app_label", "django_content_type"."model" FROM "django_content_type" WHERE ("django_content_type"."app_label" = 'auth' AND "django_content_type"."model" = 'group'); args=('auth', 'group')
(0.002) SELECT "auth_permission"."content_type_id", "auth_permission"."codename" FROM "auth_permission" INNER JOIN "django_content_type" ON ("auth_permission"."content_type_id" = "django_content_type"."id") WHERE "auth_permission"."content_type_id" IN (2, 3, 4) ORDER BY "django_content_type"."app_label" ASC, "django_content_type"."model" ASC, "auth_permission"."codename" ASC; args=(2, 3, 4)
(0.001) SELECT "django_content_type"."id", "django_content_type"."app_label", "django_content_type"."model" FROM "django_content_type" WHERE "django_content_type"."app_label" = 'auth'; args=('auth',)
(0.001) SELECT "django_content_type"."id", "django_content_type"."app_label", "django_content_type"."model" FROM "django_content_type" WHERE ("django_content_type"."app_label" = 'contenttypes' AND "django_content_type"."model" = 'contenttype'); args=('contenttypes', 'contenttype')
(0.001) SELECT "auth_permission"."content_type_id", "auth_permission"."codename" FROM "auth_permission" INNER JOIN "django_content_type" ON ("auth_permission"."content_type_id" = "django_content_type"."id") WHERE "auth_permission"."content_type_id" IN (5) ORDER BY "django_content_type"."app_label" ASC, "django_content_type"."model" ASC, "auth_permission"."codename" ASC; args=(5,)
(0.001) SELECT "django_content_type"."id", "django_content_type"."app_label", "django_content_type"."model" FROM "django_content_type" WHERE "django_content_type"."app_label" = 'contenttypes'; args=('contenttypes',)
(0.001) SELECT "django_content_type"."id", "django_content_type"."app_label", "django_content_type"."model" FROM "django_content_type" WHERE ("django_content_type"."app_label" = 'sessions' AND "django_content_type"."model" = 'session'); args=('sessions', 'session')
(0.001) SELECT "auth_permission"."content_type_id", "auth_permission"."codename" FROM "auth_permission" INNER JOIN "django_content_type" ON ("auth_permission"."content_type_id" = "django_content_type"."id") WHERE "auth_permission"."content_type_id" IN (6) ORDER BY "django_content_type"."app_label" ASC, "django_content_type"."model" ASC, "auth_permission"."codename" ASC; args=(6,)
(0.001) SELECT "django_content_type"."id", "django_content_type"."app_label", "django_content_type"."model" FROM "django_content_type" WHERE "django_content_type"."app_label" = 'sessions'; args=('sessions',)
(0.001) SELECT "django_content_type"."id", "django_content_type"."app_label", "django_content_type"."model" FROM "django_content_type" WHERE ("django_content_type"."app_label" = 'permission_structure' AND "django_content_type"."model" = 'allpermissions'); args=('permission_structure', 'allpermissions')
(0.001) SELECT "django_content_type"."id", "django_content_type"."app_label", "django_content_type"."model" FROM "django_content_type" WHERE ("django_content_type"."app_label" = 'permission_structure' AND "django_content_type"."model" = 'allpermissions'); args=('permission_structure', 'allpermissions')
(0.009) INSERT INTO "django_content_type" ("app_label", "model") VALUES ('permission_structure', 'allpermissions') RETURNING "django_content_type"."id"; args=('permission_structure', 'allpermissions')
(0.001) SELECT "auth_permission"."content_type_id", "auth_permission"."codename" FROM "auth_permission" INNER JOIN "django_content_type" ON ("auth_permission"."content_type_id" = "django_content_type"."id") WHERE "auth_permission"."content_type_id" IN (7) ORDER BY "django_content_type"."app_label" ASC, "django_content_type"."model" ASC, "auth_permission"."codename" ASC; args=(7,)
(0.017) INSERT INTO "auth_permission" ("name", "content_type_id", "codename") VALUES ('can write assignments', 7, 'can_write_assignments'), ('can read assignments', 7, 'can_read_assignments'), ('can read attendance', 7, 'can_read_attendance'), ('can write bonafide req', 7, 'can_write_bonafide_req'), ('can read study materials', 7, 'can_read_study_materials'), ('can write pass my book', 7, 'can_write_pass_my_book'), ('can read main page', 7, 'can_read_main_page'), ('can read internal assignment', 7, 'can_read_internal_assignment'), ('can write rail pass req', 7, 'can_write_rail_pass_req'), ('can read pass my book', 7, 'can_read_pass_my_book'), ('can read id card req', 7, 'can_read_id_card_req'), ('can write attendance', 7, 'can_write_attendance'), ('can read exam schedule', 7, 'can_read_exam_schedule'), ('can read exam hall plan', 7, 'can_read_exam_hall_plan'), ('can write meeting details', 7, 'can_write_meeting_details'), ('can write notices', 7, 'can_write_notices'), ('can write exam schedule', 7, 'can_write_exam_schedule'), ('can read university credits', 7, 'can_read_university_credits'), ('can read notices', 7, 'can_read_notices'), ('can write activty log', 7, 'can_write_activty_log'), ('can write time table', 7, 'can_write_time_table'), ('can write study materials', 7, 'can_write_study_materials'), ('can write exam hall plan', 7, 'can_write_exam_hall_plan'), ('can read fee dues', 7, 'can_read_fee_dues'), ('can write online discussion', 7, 'can_write_online_discussion'), ('can read activity log', 7, 'can_read_activity_log'), ('can write university credits', 7, 'can_write_university_credits'), ('can read meeting details', 7, 'can_read_meeting_details'), ('can authenticate users', 7, 'can_authenticate_users'), ('can write personal profile', 7, 'can_write_personal_profile'), ('can write library book req', 7, 'can_write_library_book_req'), ('can read time table', 7, 'can_read_time_table'), ('can read online discussion', 7, 'can_read_online_discussion'), ('can write internal assessment', 7, 'can_write_internal_assessment') RETURNING "auth_permission"."id"; args=('can write assignments', 7, 'can_write_assignments', 'can read assignments', 7, 'can_read_assignments', 'can read attendance', 7, 'can_read_attendance', 'can write bonafide req', 7, 'can_write_bonafide_req', 'can read study materials', 7, 'can_read_study_materials', 'can write pass my book', 7, 'can_write_pass_my_book', 'can read main page', 7, 'can_read_main_page', 'can read internal assignment', 7, 'can_read_internal_assignment', 'can write rail pass req', 7, 'can_write_rail_pass_req', 'can read pass my book', 7, 'can_read_pass_my_book', 'can read id card req', 7, 'can_read_id_card_req', 'can write attendance', 7, 'can_write_attendance', 'can read exam schedule', 7, 'can_read_exam_schedule', 'can read exam hall plan', 7, 'can_read_exam_hall_plan', 'can write meeting details', 7, 'can_write_meeting_details', 'can write notices', 7, 'can_write_notices', 'can write exam schedule', 7, 'can_write_exam_schedule', 'can read university credits', 7, 'can_read_university_credits', 'can read notices', 7, 'can_read_notices', 'can write activty log', 7, 'can_write_activty_log', 'can write time table', 7, 'can_write_time_table', 'can write study materials', 7, 'can_write_study_materials', 'can write exam hall plan', 7, 'can_write_exam_hall_plan', 'can read fee dues', 7, 'can_read_fee_dues', 'can write online discussion', 7, 'can_write_online_discussion', 'can read activity log', 7, 'can_read_activity_log', 'can write university credits', 7, 'can_write_university_credits', 'can read meeting details', 7, 'can_read_meeting_details', 'can authenticate users', 7, 'can_authenticate_users', 'can write personal profile', 7, 'can_write_personal_profile', 'can write library book req', 7, 'can_write_library_book_req', 'can read time table', 7, 'can_read_time_table', 'can read online discussion', 7, 'can_read_online_discussion', 'can write internal assessment', 7, 'can_write_internal_assessment')
(0.001) SELECT "django_content_type"."id", "django_content_type"."app_label", "django_content_type"."model" FROM "django_content_type" WHERE "django_content_type"."app_label" = 'permission_structure'; args=('permission_structure',)
